<?xml version="1.0" encoding="UTF-8"?>
<!-- Generated by org.testng.reporters.JUnitXMLReporter -->
<testsuite ignored="0" hostname="DESKTOP-NR7J6SA" failures="0" tests="11" name="Default test" time="28.408" errors="0" timestamp="2022-07-17T22:34:45 CDT">
  <testcase classname="demosite_shop.testNG_demo" name="choose4DifferentsItems" time="6.445"/>
  <testcase classname="demosite_shop.testNG_demo" name="changeQuantity" time="0.072"/>
  <testcase classname="demosite_shop.testNG_demo" name="clickUpdateButton" time="0.788"/>
  <testcase classname="demosite_shop.testNG_demo" name="clickOnCheckout" time="0.88"/>
  <testcase classname="demosite_shop.testNG_demo" name="clickOnInputEmail" time="0.078"/>
  <testcase classname="demosite_shop.testNG_demo" name="writePassword" time="0.884"/>
  <testcase classname="demosite_shop.testNG_demo" name="completeAdressForm" time="3.3"/>
  <testcase classname="demosite_shop.testNG_demo" name="completeDeliveryForm" time="1.892"/>
  <testcase classname="demosite_shop.testNG_demo" name="completePaymentForm" time="1.978"/>
  <testcase classname="demosite_shop.testNG_demo" name="validatePurchase" time="6.364"/>
  <testcase classname="demosite_shop.testNG_demo" name="wait2sec" time="2.004"/>
</testsuite> <!-- Default test -->
