<?xml version="1.0" encoding="UTF-8"?>
<testng-results ignored="0" total="11" passed="11" failed="0" skipped="0">
  <reporter-output>
  </reporter-output>
  <suite started-at="2022-07-17T22:34:17 CDT" name="Default suite" finished-at="2022-07-17T22:34:45 CDT" duration-ms="28408">
    <groups>
    </groups>
    <test started-at="2022-07-17T22:34:17 CDT" name="Default test" finished-at="2022-07-17T22:34:45 CDT" duration-ms="28408">
      <class name="demosite_shop.testNG_demo">
        <test-method is-config="true" signature="setup()[pri:0, instance:demosite_shop.testNG_demo@59fd97a8]" started-at="2022-07-17T22:34:17 CDT" name="setup" finished-at="2022-07-17T22:34:21 CDT" duration-ms="3688" status="PASS">
          <reporter-output>
          </reporter-output>
        </test-method> <!-- setup -->
        <test-method signature="choose4DifferentsItems()[pri:1, instance:demosite_shop.testNG_demo@59fd97a8]" started-at="2022-07-17T22:34:21 CDT" name="choose4DifferentsItems" finished-at="2022-07-17T22:34:27 CDT" duration-ms="6445" status="PASS">
          <reporter-output>
          </reporter-output>
        </test-method> <!-- choose4DifferentsItems -->
        <test-method signature="changeQuantity()[pri:2, instance:demosite_shop.testNG_demo@59fd97a8]" started-at="2022-07-17T22:34:27 CDT" name="changeQuantity" finished-at="2022-07-17T22:34:27 CDT" duration-ms="72" status="PASS">
          <reporter-output>
          </reporter-output>
        </test-method> <!-- changeQuantity -->
        <test-method signature="clickUpdateButton()[pri:3, instance:demosite_shop.testNG_demo@59fd97a8]" started-at="2022-07-17T22:34:27 CDT" name="clickUpdateButton" finished-at="2022-07-17T22:34:28 CDT" duration-ms="788" status="PASS">
          <reporter-output>
          </reporter-output>
        </test-method> <!-- clickUpdateButton -->
        <test-method signature="clickOnCheckout()[pri:4, instance:demosite_shop.testNG_demo@59fd97a8]" started-at="2022-07-17T22:34:28 CDT" name="clickOnCheckout" finished-at="2022-07-17T22:34:29 CDT" duration-ms="880" status="PASS">
          <reporter-output>
          </reporter-output>
        </test-method> <!-- clickOnCheckout -->
        <test-method signature="clickOnInputEmail()[pri:5, instance:demosite_shop.testNG_demo@59fd97a8]" started-at="2022-07-17T22:34:29 CDT" name="clickOnInputEmail" finished-at="2022-07-17T22:34:29 CDT" duration-ms="78" status="PASS">
          <reporter-output>
          </reporter-output>
        </test-method> <!-- clickOnInputEmail -->
        <test-method signature="writePassword()[pri:6, instance:demosite_shop.testNG_demo@59fd97a8]" started-at="2022-07-17T22:34:29 CDT" name="writePassword" finished-at="2022-07-17T22:34:30 CDT" duration-ms="884" status="PASS">
          <reporter-output>
          </reporter-output>
        </test-method> <!-- writePassword -->
        <test-method signature="completeAdressForm()[pri:7, instance:demosite_shop.testNG_demo@59fd97a8]" started-at="2022-07-17T22:34:30 CDT" name="completeAdressForm" finished-at="2022-07-17T22:34:33 CDT" duration-ms="3300" status="PASS">
          <reporter-output>
          </reporter-output>
        </test-method> <!-- completeAdressForm -->
        <test-method signature="completeDeliveryForm()[pri:8, instance:demosite_shop.testNG_demo@59fd97a8]" started-at="2022-07-17T22:34:33 CDT" name="completeDeliveryForm" finished-at="2022-07-17T22:34:35 CDT" duration-ms="1892" status="PASS">
          <reporter-output>
          </reporter-output>
        </test-method> <!-- completeDeliveryForm -->
        <test-method signature="completePaymentForm()[pri:9, instance:demosite_shop.testNG_demo@59fd97a8]" started-at="2022-07-17T22:34:35 CDT" name="completePaymentForm" finished-at="2022-07-17T22:34:37 CDT" duration-ms="1978" status="PASS">
          <reporter-output>
          </reporter-output>
        </test-method> <!-- completePaymentForm -->
        <test-method signature="validatePurchase()[pri:10, instance:demosite_shop.testNG_demo@59fd97a8]" started-at="2022-07-17T22:34:37 CDT" name="validatePurchase" finished-at="2022-07-17T22:34:43 CDT" duration-ms="6364" status="PASS">
          <reporter-output>
          </reporter-output>
        </test-method> <!-- validatePurchase -->
        <test-method signature="wait2sec()[pri:11, instance:demosite_shop.testNG_demo@59fd97a8]" started-at="2022-07-17T22:34:43 CDT" name="wait2sec" finished-at="2022-07-17T22:34:45 CDT" duration-ms="2004" status="PASS">
          <reporter-output>
          </reporter-output>
        </test-method> <!-- wait2sec -->
      </class> <!-- demosite_shop.testNG_demo -->
    </test> <!-- Default test -->
  </suite> <!-- Default suite -->
</testng-results>
